<?xml version="1.0" encoding="UTF-8"?>
<!-- Generated by org.testng.reporters.JUnitXMLReporter -->
<testsuite hostname="anamuls-MBP.fios-router.home" ignored="0" name="Different testing feature Test" tests="8" failures="1" timestamp="03 Dec 2018 17:37:13 GMT" time="3.948" errors="0">
  <testcase name="infintLoopTest" time="0.017" classname="com.testng.ExceptionTimeOutTest"/>
  <testcase name="intergerTest" time="0.002" classname="com.testng.ExceptionTimeOutTest"/>
  <testcase name="sum" time="0.001" classname="com.testng.InvocationCountTest"/>
  <testcase name="sum" time="0.001" classname="com.testng.InvocationCountTest"/>
  <testcase name="sum" time="0.002" classname="com.testng.InvocationCountTest"/>
  <testcase name="sum" time="0.002" classname="com.testng.InvocationCountTest"/>
  <testcase name="sum" time="0.002" classname="com.testng.InvocationCountTest"/>
  <testcase name="googleTitleTest" time="0.01" classname="com.testng.VerifyTitleTest">
    <failure type="java.lang.AssertionError" message="title is not matched expected [Google123] but found [Google]">
      <![CDATA[java.lang.AssertionError: title is not matched expected [Google123] but found [Google]
at com.testng.VerifyTitleTest.googleTitleTest(VerifyTitleTest.java:31)
... Removed 30 stack frames]]>
    </failure>
  </testcase> <!-- googleTitleTest -->
</testsuite> <!-- Different testing feature Test -->
